<?xml version="1.0" encoding="UTF-8"?>
<robot generator="Robot 5.0 (Python 3.10.2 on linux)" generated="20220325 23:15:15.164" rpa="false" schemaversion="3">
<suite id="s1" name="Robot" source="/home/runner/work/python-reference/python-reference/tests/robot">
<suite id="s1-s1" name="Data Driven" source="/home/runner/work/python-reference/python-reference/tests/robot/data_driven.robot">
<test id="s1-s1-t1" name="Addition" line="17">
<kw name="Calculate">
<arg>12,2</arg>
<arg>14</arg>
<kw name="Enters Values" library="CalculatorLibrary">
<arg>${expression}</arg>
<status status="PASS" starttime="20220325 23:15:15.188" endtime="20220325 23:15:15.188"/>
</kw>
<kw name="Add" library="CalculatorLibrary">
<status status="PASS" starttime="20220325 23:15:15.189" endtime="20220325 23:15:15.189"/>
</kw>
<kw name="Result Should Be" library="CalculatorLibrary">
<arg>${expected}</arg>
<status status="PASS" starttime="20220325 23:15:15.189" endtime="20220325 23:15:15.189"/>
</kw>
<kw name="Clear" library="CalculatorLibrary">
<status status="PASS" starttime="20220325 23:15:15.189" endtime="20220325 23:15:15.189"/>
</kw>
<status status="PASS" starttime="20220325 23:15:15.188" endtime="20220325 23:15:15.189"/>
</kw>
<kw name="Calculate">
<arg>2,-3</arg>
<arg>-1</arg>
<kw name="Enters Values" library="CalculatorLibrary">
<arg>${expression}</arg>
<status status="PASS" starttime="20220325 23:15:15.190" endtime="20220325 23:15:15.190"/>
</kw>
<kw name="Add" library="CalculatorLibrary">
<status status="PASS" starttime="20220325 23:15:15.190" endtime="20220325 23:15:15.190"/>
</kw>
<kw name="Result Should Be" library="CalculatorLibrary">
<arg>${expected}</arg>
<status status="PASS" starttime="20220325 23:15:15.190" endtime="20220325 23:15:15.190"/>
</kw>
<kw name="Clear" library="CalculatorLibrary">
<status status="PASS" starttime="20220325 23:15:15.190" endtime="20220325 23:15:15.190"/>
</kw>
<status status="PASS" starttime="20220325 23:15:15.189" endtime="20220325 23:15:15.190"/>
</kw>
<status status="PASS" starttime="20220325 23:15:15.187" endtime="20220325 23:15:15.191"/>
</test>
<doc>Example test cases using the data-driven testing approach.

The _data-driven_ style works well when you need to repeat
the same workflow multiple times.

Tests use ``Calculate`` keyword created in this file, that in
turn uses keywords in ``CalculatorLibrary.py``. An exception
is the last test that has a custom _template keyword_.

Notice that one of these tests fails on purpose to show how
failures look like.</doc>
<status status="PASS" starttime="20220325 23:15:15.184" endtime="20220325 23:15:15.191"/>
</suite>
<suite id="s1-s2" name="Gherkin" source="/home/runner/work/python-reference/python-reference/tests/robot/gherkin.robot">
<test id="s1-s2-t1" name="Addition operation works correctly" line="16">
<kw name="Given calculator has been cleared">
<kw name="Clear" library="CalculatorLibrary">
<status status="PASS" starttime="20220325 23:15:15.195" endtime="20220325 23:15:15.195"/>
</kw>
<status status="PASS" starttime="20220325 23:15:15.194" endtime="20220325 23:15:15.195"/>
</kw>
<kw name="When provided integers &quot;1,2&quot;" sourcename="Provided integers &quot;${expression}&quot;">
<kw name="Enters Values" library="CalculatorLibrary">
<arg>${expression}</arg>
<status status="PASS" starttime="20220325 23:15:15.195" endtime="20220325 23:15:15.195"/>
</kw>
<status status="PASS" starttime="20220325 23:15:15.195" endtime="20220325 23:15:15.195"/>
</kw>
<kw name="and asked to calculate the sum">
<kw name="Add" library="CalculatorLibrary">
<status status="PASS" starttime="20220325 23:15:15.196" endtime="20220325 23:15:15.196"/>
</kw>
<status status="PASS" starttime="20220325 23:15:15.196" endtime="20220325 23:15:15.196"/>
</kw>
<kw name="Then result is &quot;3&quot;" sourcename="Result is &quot;${result}&quot;">
<kw name="Result Should Be" library="CalculatorLibrary">
<arg>${result}</arg>
<status status="PASS" starttime="20220325 23:15:15.196" endtime="20220325 23:15:15.197"/>
</kw>
<status status="PASS" starttime="20220325 23:15:15.196" endtime="20220325 23:15:15.197"/>
</kw>
<status status="PASS" starttime="20220325 23:15:15.194" endtime="20220325 23:15:15.197"/>
</test>
<doc>Example test case using the gherkin syntax.

This test has a workflow similar to the keyword-driven
examples. The difference is that the keywords use higher
abstraction level and their arguments are embedded into
the keyword names.

This kind of _gherkin_ syntax has been made popular by
[http://cukes.info|Cucumber]. It works well especially when
tests act as examples that need to be easily understood also
by the business people.</doc>
<status status="PASS" starttime="20220325 23:15:15.192" endtime="20220325 23:15:15.197"/>
</suite>
<status status="PASS" starttime="20220325 23:15:15.165" endtime="20220325 23:15:15.198"/>
</suite>
<statistics>
<total>
<stat pass="2" fail="0" skip="0">All Tests</stat>
</total>
<tag>
</tag>
<suite>
<stat pass="2" fail="0" skip="0" id="s1" name="Robot">Robot</stat>
<stat pass="1" fail="0" skip="0" id="s1-s1" name="Data Driven">Robot.Data Driven</stat>
<stat pass="1" fail="0" skip="0" id="s1-s2" name="Gherkin">Robot.Gherkin</stat>
</suite>
</statistics>
<errors>
</errors>
</robot>
